<?xml version="1.0" encoding="UTF-8"?>
<!-- Generated by org.testng.reporters.JUnitXMLReporter -->
<testsuite hostname="LAPTOP-7N50JD64" name="Test-One" tests="2" failures="0" timestamp="5 Sep 2021 12:44:38 GMT" time="0.043" errors="0">
  <testcase name="logintest" time="0.011" classname="com.testng.Test1"/>
  <testcase name="registrtionTest" time="0.001" classname="com.testng.Test2"/>
</testsuite> <!-- Test-One -->
