<?xml version="1.0" encoding="UTF-8"?>
<!-- Generated by org.testng.reporters.JUnitReportReporter -->
<testsuite hostname="LAPTOP-7N50JD64" name="com.parralltest.FireFoxInit" tests="2" failures="0" timestamp="6 Sep 2021 12:55:57 GMT" time="15.233" errors="0">
  <testcase name="m1" time="0.032" classname="com.parralltest.FireFoxInit"/>
  <testcase name="browserInit" time="15.201" classname="com.parralltest.FireFoxInit"/>
</testsuite> <!-- com.parralltest.FireFoxInit -->
