<?xml version="1.0" encoding="UTF-8"?>
<!-- Generated by org.testng.reporters.JUnitReportReporter -->
<testsuite hostname="LAPTOP-7N50JD64" name="com.testng.Test6" tests="2" failures="0" timestamp="7 Sep 2021 12:17:39 GMT" time="0.016" errors="0">
  <testcase name="m1" time="0.016" classname="com.testng.Test6"/>
  <testcase name="m2" time="0.000" classname="com.testng.Test6"/>
</testsuite> <!-- com.testng.Test6 -->
