<?xml version="1.0" encoding="UTF-8"?>
<!-- Generated by org.testng.reporters.JUnitReportReporter -->
<testsuite hostname="LAPTOP-7N50JD64" name="com.parralltest.ChromeInit" tests="2" failures="0" timestamp="6 Sep 2021 12:55:57 GMT" time="8.429" errors="0">
  <testcase name="browserInit" time="8.396" classname="com.parralltest.ChromeInit"/>
  <testcase name="m1" time="0.033" classname="com.parralltest.ChromeInit"/>
</testsuite> <!-- com.parralltest.ChromeInit -->
