<?xml version="1.0" encoding="UTF-8"?>
<!-- Generated by org.testng.reporters.JUnitReportReporter -->
<testsuite hostname="LAPTOP-7N50JD64" name="com.testng.AnnotationsEx" tests="2" failures="0" timestamp="5 Sep 2021 12:18:08 GMT" time="0.019" errors="0">
  <testcase name="logintest" time="0.005" classname="com.testng.AnnotationsEx"/>
  <testcase name="RegistTest" time="0.014" classname="com.testng.AnnotationsEx"/>
</testsuite> <!-- com.testng.AnnotationsEx -->
