<?xml version="1.0" encoding="UTF-8"?>
<!-- Generated by org.testng.reporters.JUnitReportReporter -->
<testsuite hostname="LAPTOP-7N50JD64" name="com.testng.Test5" tests="6" failures="0" timestamp="6 Sep 2021 12:44:50 GMT" time="0.018" errors="0">
  <testcase name="m2" time="0.004" classname="com.testng.Test5"/>
  <testcase name="m5" time="0.003" classname="com.testng.Test5"/>
  <testcase name="loginTest" time="0.005" classname="com.testng.Test5"/>
  <testcase name="adminTest" time="0.001" classname="com.testng.Test5"/>
  <testcase name="newTest" time="0.003" classname="com.testng.Test5"/>
  <testcase name="m1" time="0.002" classname="com.testng.Test5"/>
</testsuite> <!-- com.testng.Test5 -->
