<?xml version="1.0" encoding="UTF-8"?>
<!-- Generated by org.testng.reporters.JUnitReportReporter -->
<testsuite hostname="LAPTOP-7N50JD64" name="com.testng.DataProviderExample" tests="4" failures="0" timestamp="6 Sep 2021 12:30:12 GMT" time="10.721" errors="0">
  <testcase name="regiTest" time="0.002" classname="com.testng.DataProviderExample"/>
  <testcase name="regiTest" time="0.004" classname="com.testng.DataProviderExample"/>
  <testcase name="loginTest" time="5.028" classname="com.testng.DataProviderExample"/>
  <testcase name="loginTest" time="5.687" classname="com.testng.DataProviderExample"/>
</testsuite> <!-- com.testng.DataProviderExample -->
