<?xml version="1.0" encoding="UTF-8"?>
<!-- Generated by org.testng.reporters.JUnitReportReporter -->
<testsuite hostname="LAPTOP-7N50JD64" name="com.testng.DataProvider" tests="1" failures="0" timestamp="6 Sep 2021 12:07:41 GMT" time="13.696" errors="0">
  <testcase name="loginTest" time="13.696" classname="com.testng.DataProvider"/>
</testsuite> <!-- com.testng.DataProvider -->
