<?xml version="1.0" encoding="UTF-8"?>
<!-- Generated by org.testng.reporters.JUnitReportReporter -->
<testsuite hostname="LAPTOP-7N50JD64" name="com.testng.Test7" tests="3" failures="0" timestamp="7 Sep 2021 12:17:39 GMT" time="0.020" errors="0">
  <testcase name="m6" time="0.005" classname="com.testng.Test7"/>
  <testcase name="m5" time="0.005" classname="com.testng.Test7"/>
  <testcase name="m4" time="0.010" classname="com.testng.Test7"/>
</testsuite> <!-- com.testng.Test7 -->
