<?xml version="1.0" encoding="UTF-8"?>
<!-- Generated by org.testng.reporters.JUnitReportReporter -->
<testsuite hostname="LAPTOP-7N50JD64" name="com.test1.Test3" tests="1" failures="0" timestamp="5 Sep 2021 13:29:59 GMT" time="0.001" errors="0">
  <testcase name="m3" time="0.001" classname="com.test1.Test3"/>
</testsuite> <!-- com.test1.Test3 -->
