<?xml version="1.0" encoding="UTF-8"?>
<!-- Generated by org.testng.reporters.JUnitReportReporter -->
<testsuite hostname="LAPTOP-7N50JD64" name="com.excel.ExcelReadUtil" tests="5" failures="0" timestamp="11 Sep 2021 12:53:09 GMT" time="0.056" errors="0">
  <testcase name="test1" time="0.030" classname="com.excel.ExcelReadUtil"/>
  <testcase name="test1" time="0.010" classname="com.excel.ExcelReadUtil"/>
  <testcase name="test1" time="0.000" classname="com.excel.ExcelReadUtil"/>
  <testcase name="test1" time="0.016" classname="com.excel.ExcelReadUtil"/>
  <testcase name="test1" time="0.000" classname="com.excel.ExcelReadUtil"/>
</testsuite> <!-- com.excel.ExcelReadUtil -->
