<?xml version="1.0" encoding="UTF-8"?>
<!-- Generated by org.testng.reporters.JUnitReportReporter -->
<testsuite hostname="LAPTOP-7N50JD64" name="com.testng.Test2" tests="1" failures="0" timestamp="6 Sep 2021 12:44:50 GMT" time="0.004" errors="0">
  <testcase name="registrtionTest" time="0.004" classname="com.testng.Test2"/>
</testsuite> <!-- com.testng.Test2 -->
