<?xml version="1.0" encoding="UTF-8"?>
<!-- Generated by org.testng.reporters.JUnitReportReporter -->
<testsuite hostname="LAPTOP-7N50JD64" name="com.testng.Test1" tests="1" failures="0" timestamp="5 Sep 2021 12:44:38 GMT" time="0.011" errors="0">
  <testcase name="logintest" time="0.011" classname="com.testng.Test1"/>
</testsuite> <!-- com.testng.Test1 -->
